#
# There is insufficient memory for the Java Runtime Environment to continue.
# Native memory allocation (mmap) failed to map 125829120 bytes. Error detail: G1 virtual space
# Possible reasons:
#   The system is out of physical RAM or swap space
#   This process is running with CompressedOops enabled, and the Java Heap may be blocking the growth of the native heap
# Possible solutions:
#   Reduce memory load on the system
#   Increase physical memory or swap space
#   Check if swap backing store is full
#   Decrease Java heap size (-Xmx/-Xms)
#   Decrease number of Java threads
#   Decrease Java thread stack sizes (-Xss)
#   Set larger code cache with -XX:ReservedCodeCacheSize=
#   JVM is running with Unscaled Compressed Oops mode in which the Java heap is
#     placed in the first 4GB address space. The Java Heap base address is the
#     maximum limit for the native heap growth. Please use -XX:HeapBaseMinAddress
#     to set the Java Heap base and to place the Java Heap above 4GB virtual address.
# This output file may be truncated or incomplete.
#
#  Out of Memory Error (os_windows.cpp:3815), pid=22920, tid=16944
#
# JRE version:  (21.0.3) (build )
# Java VM: OpenJDK 64-Bit Server VM (21.0.3+-12282718-b509.11, mixed mode, sharing, tiered, compressed oops, compressed class ptrs, g1 gc, windows-amd64)
# No core dump will be written. Minidumps are not enabled by default on client versions of Windows
#

---------------  S U M M A R Y ------------

Command Line: org.jetbrains.kotlin.cli.jvm.K2JVMCompiler @C:\Users\raluc\AndroidStudioProjects\HomeServiceProvider\app\build\20241121_11881612434997258170.compiler.options

Host: AMD Ryzen 5 5500U with Radeon Graphics         , 12 cores, 7G,  Windows 11 , 64 bit Build 22621 (10.0.22621.4391)
Time: Thu Nov 21 14:25:02 2024 GTB Standard Time elapsed time: 0.040022 seconds (0d 0h 0m 0s)

---------------  T H R E A D  ---------------

Current thread (0x000002b371c00410):  JavaThread "Unknown thread" [_thread_in_vm, id=16944, stack(0x000000d549900000,0x000000d549a00000) (1024K)]

Stack: [0x000000d549900000,0x000000d549a00000]
Native frames: (J=compiled Java code, j=interpreted, Vv=VM code, C=native code)
V  [jvm.dll+0x6cafb9]
V  [jvm.dll+0x858523]
V  [jvm.dll+0x85aa7e]
V  [jvm.dll+0x85b163]
V  [jvm.dll+0x27d356]
V  [jvm.dll+0x6c7865]
V  [jvm.dll+0x6bbd3a]
V  [jvm.dll+0x35199b]
V  [jvm.dll+0x3595d6]
V  [jvm.dll+0x3aa826]
V  [jvm.dll+0x3aaaf8]
V  [jvm.dll+0x3240bc]
V  [jvm.dll+0x324dab]
V  [jvm.dll+0x81fd89]
V  [jvm.dll+0x3b7c08]
V  [jvm.dll+0x80921d]
V  [jvm.dll+0x44c05e]
V  [jvm.dll+0x44d6b1]
C  [jli.dll+0x52ab]
C  [ucrtbase.dll+0x29333]
C  [KERNEL32.DLL+0x1259d]
C  [ntdll.dll+0x5af38]


---------------  P R O C E S S  ---------------

Threads class SMR info:
_java_thread_list=0x00007fff514857c8, length=0, elements={
}

Java Threads: ( => current thread )
Total: 0

Other Threads:
  0x000002b373e7a9f0 WorkerThread "GC Thread#0"                     [id=27892, stack(0x000000d549a00000,0x000000d549b00000) (1024K)]
  0x000002b373e8a6d0 ConcurrentGCThread "G1 Main Marker"            [id=29480, stack(0x000000d549b00000,0x000000d549c00000) (1024K)]
  0x000002b373e8c1f0 WorkerThread "G1 Conc#0"                       [id=22492, stack(0x000000d549c00000,0x000000d549d00000) (1024K)]

[error occurred during error reporting (printing all threads), id 0xc0000005, EXCEPTION_ACCESS_VIOLATION (0xc0000005) at pc=0x00007fff50c87197]
VM state: not at safepoint (not fully initialized)

VM Mutex/Monitor currently owned by a thread:  ([mutex/lock_event])
[0x00007fff514f21c8] Heap_lock - owner thread: 0x000002b371c00410

Heap address: 0x0000000089800000, size: 1896 MB, Compressed Oops mode: 32-bit

CDS archive(s) mapped at: [0x0000000000000000-0x0000000000000000-0x0000000000000000), size 0, SharedBaseAddress: 0x0000000800000000, ArchiveRelocationMode: 1.
Narrow klass base: 0x0000000000000000, Narrow klass shift: 0, Narrow klass range: 0x0

GC Precious Log:
 CardTable entry size: 512
 Card Set container configuration: InlinePtr #cards 5 size 8 Array Of Cards #cards 12 size 40 Howl #buckets 4 coarsen threshold 1843 Howl Bitmap #cards 512 size 80 coarsen threshold 460 Card regions per heap region 1 cards per card region 2048

Heap:
 garbage-first heap   total 0K, used 0K [0x0000000089800000, 0x0000000100000000)
  region size 1024K, 0 young (0K), 0 survivors (0K)
 Metaspace       used 0K, committed 0K, reserved 0K
  class space    used 0K, committed 0K, reserved 0K

Heap Regions: E=young(eden), S=young(survivor), O=old, HS=humongous(starts), HC=humongous(continues), CS=collection set, F=free, TAMS=top-at-mark-start, PB=parsable bottom

Card table byte_map: [0x000002b377880000,0x000002b377c40000] _byte_map_base: 0x000002b377434000

Marking Bits: (CMBitMap*) 0x000002b373e7b0f0
 Bits: [0x000002b377c40000, 0x000002b3799e0000)

GC Heap History (0 events):
No events

Dll operation events (1 events):
Event: 0.021 Loaded shared library C:\Program Files\Android\Android Studio\jbr\bin\java.dll

Deoptimization events (0 events):
No events

Classes loaded (0 events):
No events

Classes unloaded (0 events):
No events

Classes redefined (0 events):
No events

Internal exceptions (0 events):
No events

ZGC Phase Switch (0 events):
No events

VM Operations (0 events):
No events

Events (0 events):
No events


Dynamic libraries:
0x00007ff694c60000 - 0x00007ff694c6a000 	C:\Program Files\Android\Android Studio\jbr\bin\java.exe
0x00007ffff7050000 - 0x00007ffff7267000 	C:\WINDOWS\SYSTEM32\ntdll.dll
0x00007ffff5ad0000 - 0x00007ffff5b94000 	C:\WINDOWS\System32\KERNEL32.DLL
0x00007ffff4350000 - 0x00007ffff4709000 	C:\WINDOWS\System32\KERNELBASE.dll
0x00007ffff4710000 - 0x00007ffff4821000 	C:\WINDOWS\System32\ucrtbase.dll
0x00007fffee680000 - 0x00007fffee698000 	C:\Program Files\Android\Android Studio\jbr\bin\jli.dll
0x00007fffee750000 - 0x00007fffee76b000 	C:\Program Files\Android\Android Studio\jbr\bin\VCRUNTIME140.dll
0x00007ffff6280000 - 0x00007ffff642e000 	C:\WINDOWS\System32\USER32.dll
0x00007ffff4a90000 - 0x00007ffff4ab6000 	C:\WINDOWS\System32\win32u.dll
0x00007fffdfae0000 - 0x00007fffdfd72000 	C:\WINDOWS\WinSxS\amd64_microsoft.windows.common-controls_6595b64144ccf1df_6.0.22621.4391_none_2715d37f73803e96\COMCTL32.dll
0x00007ffff60d0000 - 0x00007ffff6177000 	C:\WINDOWS\System32\msvcrt.dll
0x00007ffff6430000 - 0x00007ffff6459000 	C:\WINDOWS\System32\GDI32.dll
0x00007ffff4970000 - 0x00007ffff4a8b000 	C:\WINDOWS\System32\gdi32full.dll
0x00007ffff4ca0000 - 0x00007ffff4d3a000 	C:\WINDOWS\System32\msvcp_win.dll
0x00007ffff5bd0000 - 0x00007ffff5c01000 	C:\WINDOWS\System32\IMM32.DLL
0x00007fffedc10000 - 0x00007fffedc1c000 	C:\Program Files\Android\Android Studio\jbr\bin\vcruntime140_1.dll
0x00007fffce8e0000 - 0x00007fffce96d000 	C:\Program Files\Android\Android Studio\jbr\bin\msvcp140.dll
0x00007fff50950000 - 0x00007fff515cd000 	C:\Program Files\Android\Android Studio\jbr\bin\server\jvm.dll
0x00007ffff5cc0000 - 0x00007ffff5d72000 	C:\WINDOWS\System32\ADVAPI32.dll
0x00007ffff6f60000 - 0x00007ffff7007000 	C:\WINDOWS\System32\sechost.dll
0x00007ffff4d40000 - 0x00007ffff4d68000 	C:\WINDOWS\System32\bcrypt.dll
0x00007ffff5fb0000 - 0x00007ffff60c4000 	C:\WINDOWS\System32\RPCRT4.dll
0x00007ffff5de0000 - 0x00007ffff5e51000 	C:\WINDOWS\System32\WS2_32.dll
0x00007ffff31a0000 - 0x00007ffff31ed000 	C:\WINDOWS\SYSTEM32\POWRPROF.dll
0x00007fffee630000 - 0x00007fffee664000 	C:\WINDOWS\SYSTEM32\WINMM.dll
0x00007fffe94f0000 - 0x00007fffe94fa000 	C:\WINDOWS\SYSTEM32\VERSION.dll
0x00007ffff3180000 - 0x00007ffff3193000 	C:\WINDOWS\SYSTEM32\UMPDC.dll
0x00007ffff3440000 - 0x00007ffff3458000 	C:\WINDOWS\SYSTEM32\kernel.appcore.dll
0x00007fffedbc0000 - 0x00007fffedbca000 	C:\Program Files\Android\Android Studio\jbr\bin\jimage.dll
0x00007ffff1b30000 - 0x00007ffff1d62000 	C:\WINDOWS\SYSTEM32\DBGHELP.DLL
0x00007ffff4f50000 - 0x00007ffff52df000 	C:\WINDOWS\System32\combase.dll
0x00007ffff5360000 - 0x00007ffff5437000 	C:\WINDOWS\System32\OLEAUT32.dll
0x00007fffe7190000 - 0x00007fffe71c2000 	C:\WINDOWS\SYSTEM32\dbgcore.DLL
0x00007ffff4830000 - 0x00007ffff48ab000 	C:\WINDOWS\System32\bcryptPrimitives.dll
0x00007fffe38d0000 - 0x00007fffe38ef000 	C:\Program Files\Android\Android Studio\jbr\bin\java.dll

dbghelp: loaded successfully - version: 4.0.5 - missing functions: none
symbol engine: initialized successfully - sym options: 0x614 - pdb path: .;C:\Program Files\Android\Android Studio\jbr\bin;C:\WINDOWS\SYSTEM32;C:\WINDOWS\WinSxS\amd64_microsoft.windows.common-controls_6595b64144ccf1df_6.0.22621.4391_none_2715d37f73803e96;C:\Program Files\Android\Android Studio\jbr\bin\server

VM Arguments:
java_command: org.jetbrains.kotlin.cli.jvm.K2JVMCompiler @C:\Users\raluc\AndroidStudioProjects\HomeServiceProvider\app\build\20241121_11881612434997258170.compiler.options
java_class_path (initial): C:\Users\raluc\.gradle\caches\modules-2\files-2.1\org.jetbrains.kotlin\kotlin-compiler-embeddable\2.0.0\1de310de3446414381282ffc46c3ed3919a4d1da\kotlin-compiler-embeddable-2.0.0.jar;C:\Users\raluc\.gradle\caches\modules-2\files-2.1\org.jetbrains.kotlin\kotlin-stdlib\2.0.0\b48df2c4aede9586cc931ead433bc02d6fd7879e\kotlin-stdlib-2.0.0.jar;C:\Users\raluc\.gradle\caches\modules-2\files-2.1\org.jetbrains.kotlin\kotlin-script-runtime\2.0.0\fdc27dd047d592fa41d2dfa21e7621287a361612\kotlin-script-runtime-2.0.0.jar;C:\Users\raluc\.gradle\caches\modules-2\files-2.1\org.jetbrains.kotlin\kotlin-reflect\1.6.10\1cbe9c92c12a94eea200d23c2bbaedaf3daf5132\kotlin-reflect-1.6.10.jar;C:\Users\raluc\.gradle\caches\modules-2\files-2.1\org.jetbrains.kotlin\kotlin-daemon-embeddable\2.0.0\b39c612768614c4428c96ee9c65477181fffe9d\kotlin-daemon-embeddable-2.0.0.jar;C:\Users\raluc\.gradle\caches\modules-2\files-2.1\org.jetbrains.intellij.deps\trove4j\1.0.20200330\3afb14d5f9ceb459d724e907a21145e8ff394f02\trove4j-1.0.20200330.jar;C:\Users\raluc\.gradle\caches\modules-2\files-2.1\org.jetbrains\annotations\13.0\919f0dfe192fb4e063e7dacadee7f8bb9a2672a9\annotations-13.0.jar
Launcher Type: SUN_STANDARD

[Global flags]
     intx CICompilerCount                          = 4                                         {product} {ergonomic}
     uint ConcGCThreads                            = 3                                         {product} {ergonomic}
     uint G1ConcRefinementThreads                  = 10                                        {product} {ergonomic}
   size_t G1HeapRegionSize                         = 1048576                                   {product} {ergonomic}
    uintx GCDrainStackTargetSize                   = 64                                        {product} {ergonomic}
   size_t InitialHeapSize                          = 125829120                                 {product} {ergonomic}
   size_t MarkStackSize                            = 4194304                                   {product} {ergonomic}
   size_t MaxHeapSize                              = 1988100096                                {product} {ergonomic}
   size_t MinHeapDeltaBytes                        = 1048576                                   {product} {ergonomic}
   size_t MinHeapSize                              = 8388608                                   {product} {ergonomic}
    uintx NonNMethodCodeHeapSize                   = 5839372                                {pd product} {ergonomic}
    uintx NonProfiledCodeHeapSize                  = 122909434                              {pd product} {ergonomic}
    uintx ProfiledCodeHeapSize                     = 122909434                              {pd product} {ergonomic}
    uintx ReservedCodeCacheSize                    = 251658240                              {pd product} {ergonomic}
     bool SegmentedCodeCache                       = true                                      {product} {ergonomic}
   size_t SoftMaxHeapSize                          = 1988100096                             {manageable} {ergonomic}
     bool UseCompressedOops                        = true                           {product lp64_product} {ergonomic}
     bool UseG1GC                                  = true                                      {product} {ergonomic}
     bool UseLargePagesIndividualAllocation        = false                                  {pd product} {ergonomic}

Logging:
Log output configuration:
 #0: stdout all=warning uptime,level,tags foldmultilines=false
 #1: stderr all=off uptime,level,tags foldmultilines=false

Environment Variables:
PATH=C:\Program Files (x86)\Common Files\Oracle\Java\javapath;C:\WINDOWS\system32;C:\WINDOWS;C:\WINDOWS\System32\Wbem;C:\WINDOWS\System32\WindowsPowerShell\v1.0\;C:\WINDOWS\System32\OpenSSH\;C:\Program Files (x86)\Microsoft SQL Server\160\DTS\Binn\;C:\Program Files\Azure Data Studio\bin;C:\Program Files (x86)\Microsoft SQL Server\160\Tools\Binn\;C:\Program Files\Microsoft SQL Server\160\Tools\Binn\;C:\Program Files\Microsoft SQL Server\Client SDK\ODBC\170\Tools\Binn\;C:\Program Files\Microsoft SQL Server\160\DTS\Binn\;C:\Program Files (x86)\Microsoft SQL Server\150\Tools\Binn\;C:\Program Files\Microsoft SQL Server\150\Tools\Binn\;C:\Program Files\Microsoft SQL Server\150\DTS\Binn\;C:\Program Files\Git\cmd;C:\Program Files\Docker\Docker\resources\bin;C:\Program Files\nodejs\;C:\Program Files\dotnet\;C:\Program Files (x86)\Windows Kits\10\Windows Performance Toolkit\;C:\Program Files\WireGuard\;C:\Users\raluc\AppData\Local\Microsoft\WindowsApps;C:\Users\raluc\AppData\Local\atom\bin;C:\Users\raluc\AppData\Local\Microsoft\WindowsApps;;C:\Program Files\JetBrains\CLion 2022.3.2\bin;;C:\Program Files\JetBrains\IntelliJ IDEA 2023.2.2\bin;;C:\Program Files\Azure Data Studio\bin;C:\Users\raluc\AppData\Local\Programs\Microsoft VS Code\bin;C:\Users\raluc\AppData\Roaming\npm;C:\Users\raluc\.dotnet\tools
USERNAME=raluc
OS=Windows_NT
PROCESSOR_IDENTIFIER=AMD64 Family 23 Model 104 Stepping 1, AuthenticAMD
TMP=C:\Users\raluc\AppData\Local\Temp
TEMP=C:\Users\raluc\AppData\Local\Temp




Periodic native trim disabled

JNI global refs:
JNI global refs: 0, weak refs: 0

JNI global refs memory usage: 0, weak refs: 0

Process memory usage:
Resident Set Size: 11660K (0% of 7761996K total physical memory with 498568K free physical memory)

OOME stack traces (most recent first):
Classloader memory used:

---------------  S Y S T E M  ---------------

OS:
 Windows 11 , 64 bit Build 22621 (10.0.22621.4391)
OS uptime: 2 days 16:10 hours
Hyper-V role detected

CPU: total 12 (initial active 12) (12 cores per cpu, 2 threads per core) family 23 model 104 stepping 1 microcode 0x0, cx8, cmov, fxsr, ht, mmx, 3dnowpref, sse, sse2, sse3, ssse3, sse4a, sse4.1, sse4.2, popcnt, lzcnt, tsc, tscinvbit, avx, avx2, aes, clmul, bmi1, bmi2, adx, sha, fma, vzeroupper, clflush, clflushopt, hv, rdtscp, rdpid, f16c
Processor Information for all 12 processors :
  Max Mhz: 2100, Current Mhz: 2100, Mhz Limit: 2100

Memory: 4k page, system-wide physical 7580M (486M free)
TotalPageFile size 31132M (AvailPageFile size 15M)
current process WorkingSet (physical memory assigned to process): 11M, peak: 11M
current process commit charge ("private bytes"): 64M, peak: 184M

vm_info: OpenJDK 64-Bit Server VM (21.0.3+-12282718-b509.11) for windows-amd64 JRE (21.0.3+-12282718-b509.11), built on 2024-08-27T17:34:15Z by "builder" with MS VC++ 16.10 / 16.11 (VS2019)

END.
